This is pdfTeX, Version 3.1415926-1.40.10 (TeX Live 2009/Debian) (format=pdflatex 2013.3.8)  25 AUG 2013 13:03
entering extended mode
 %&-line parsing enabled.
**cv_10.tex
(./cv_10.tex
LaTeX2e <2009/09/24>
Babel <v3.8l> and hyphenation patterns for english, usenglishmax, dumylang, noh
yphenation, loaded.
(./friggeri-cv.cls
Document Class: friggeri-cv 2012/04/30 CV class
(/usr/share/texmf-texlive/tex/latex/base/article.cls
Document Class: article 2007/10/19 v1.4h Standard LaTeX document class
(/usr/share/texmf-texlive/tex/latex/base/size10.clo
File: size10.clo 2007/10/19 v1.4h Standard LaTeX file (size option)
)
\c@part=\count79
\c@section=\count80
\c@subsection=\count81
\c@subsubsection=\count82
\c@paragraph=\count83
\c@subparagraph=\count84
\c@figure=\count85
\c@table=\count86
\abovecaptionskip=\skip41
\belowcaptionskip=\skip42
\bibindent=\dimen102
)
(/usr/share/texmf/tex/latex/xcolor/xcolor.sty
Package: xcolor 2007/01/21 v2.11 LaTeX color extensions (UK)

(/etc/texmf/tex/latex/config/color.cfg
File: color.cfg 2007/01/18 v1.5 color configuration of teTeX/TeXLive
)
Package xcolor Info: Driver file: pdftex.def on input line 225.

(/usr/share/texmf-texlive/tex/latex/pdftex-def/pdftex.def
File: pdftex.def 2010/03/12 v0.04p Graphics/color for pdfTeX
\Gread@gobject=\count87
)
Package xcolor Info: Model `cmy' substituted by `cmy0' on input line 1337.
Package xcolor Info: Model `hsb' substituted by `rgb' on input line 1341.
Package xcolor Info: Model `RGB' extended on input line 1353.
Package xcolor Info: Model `HTML' substituted by `rgb' on input line 1355.
Package xcolor Info: Model `Hsb' substituted by `hsb' on input line 1356.
Package xcolor Info: Model `tHsb' substituted by `hsb' on input line 1357.
Package xcolor Info: Model `HSB' substituted by `hsb' on input line 1358.
Package xcolor Info: Model `Gray' substituted by `gray' on input line 1359.
Package xcolor Info: Model `wave' substituted by `hsb' on input line 1360.
)

! LaTeX Error: File `fontspec.sty' not found.

Type X to quit or <RETURN> to proceed,
or enter new name. (Default extension: sty)

Enter file name: kashyap

! LaTeX Error: File `kashyap.sty' not found.

Type X to quit or <RETURN> to proceed,
or enter new name. (Default extension: sty)

Enter file name: 

! LaTeX Error: Unknown option `quiet' for package `fontspec'.

See the LaTeX manual or LaTeX Companion for explanation.
Type  H <return>  for immediate help.
 ...                                              
                                                  
l.51 \RequirePackage
                    [math-style=TeX,vargreek-shape=unicode]{unicode-math}
? 

! LaTeX Error: File `unicode-math.sty' not found.

Type X to quit or <RETURN> to proceed,
or enter new name. (Default extension: sty)

Enter file name: 

! LaTeX Error: Unknown option `math-style=TeX' for package `unicode-math'.

See the LaTeX manual or LaTeX Companion for explanation.
Type  H <return>  for immediate help.
 ...                                              
                                                  
l.52 
     
? 

! LaTeX Error: Unknown option `vargreek-shape=unicode' for package `unicode-mat
h'.

See the LaTeX manual or LaTeX Companion for explanation.
Type  H <return>  for immediate help.
 ...                                              
                                                  
l.52 
     
? 
! Undefined control sequence.
l.53 \newfontfamily
                   \bodyfont[]{Helvetica Neue}
? 
! Undefined control sequence.
l.53 \newfontfamily\bodyfont
                            []{Helvetica Neue}
? 

! LaTeX Error: Missing \begin{document}.

See the LaTeX manual or LaTeX Companion for explanation.
Type  H <return>  for immediate help.
 ...                                              
                                                  
l.53 \newfontfamily\bodyfont[
                             ]{Helvetica Neue}
? 
! Undefined control sequence.
l.54 \newfontfamily
                   \thinfont[]{Helvetica Neue UltraLight}
? 
! Undefined control sequence.
l.54 \newfontfamily\thinfont
                            []{Helvetica Neue UltraLight}
? 
! Undefined control sequence.
l.55 \newfontfamily
                   \headingfont[]{Helvetica Neue Condensed Bold}
? 
! Undefined control sequence.
l.55 \newfontfamily\headingfont
                               []{Helvetica Neue Condensed Bold}
? 
! Undefined control sequence.
l.57 \defaultfontfeatures
                         {Mapping=tex-text}
? 

! LaTeX Error: Missing \begin{document}.

See the LaTeX manual or LaTeX Companion for explanation.
Type  H <return>  for immediate help.
 ...                                              
                                                  
l.57 \defaultfontfeatures{M
                           apping=tex-text}
? 
! Undefined control sequence.
l.58 \setmainfont
                 [Mapping=tex-text, Color=textcolor]{Helvetica Neue Light}
? 

Overfull \hbox (4.86185pt too wide) in paragraph at lines 57--59
[]\OT1/cmr/m/n/10 Mapping=tex-text [Mapping=tex-text, Color=textcolor]Helvetica
 Neue Light 
 []

(/usr/share/texmf/tex/latex/pgf/frontendlayer/tikz.sty
(/usr/share/texmf/tex/latex/pgf/basiclayer/pgf.sty
(/usr/share/texmf/tex/latex/pgf/utilities/pgfrcs.sty
(/usr/share/texmf/tex/generic/pgf/utilities/pgfutil-common.tex
\pgfutil@everybye=\toks14
)
(/usr/share/texmf/tex/generic/pgf/utilities/pgfutil-latex.def
\pgfutil@abb=\box26

(/usr/share/texmf-texlive/tex/latex/ms/everyshi.sty
Package: everyshi 2001/05/15 v3.00 EveryShipout Package (MS)
))
(/usr/share/texmf/tex/generic/pgf/utilities/pgfrcs.code.tex
Package: pgfrcs 2010/10/25 v2.10 (rcs-revision 1.24)
))
Package: pgf 2008/01/15 v2.10 (rcs-revision 1.12)

(/usr/share/texmf/tex/latex/pgf/basiclayer/pgfcore.sty
(/usr/share/texmf-texlive/tex/latex/graphics/graphicx.sty
Package: graphicx 1999/02/16 v1.0f Enhanced LaTeX Graphics (DPC,SPQR)

(/usr/share/texmf-texlive/tex/latex/graphics/keyval.sty
Package: keyval 1999/03/16 v1.13 key=value parser (DPC)
\KV@toks@=\toks15
)
(/usr/share/texmf-texlive/tex/latex/graphics/graphics.sty
Package: graphics 2009/02/05 v1.0o Standard LaTeX Graphics (DPC,SPQR)

(/usr/share/texmf-texlive/tex/latex/graphics/trig.sty
Package: trig 1999/03/16 v1.09 sin cos tan (DPC)
)
(/etc/texmf/tex/latex/config/graphics.cfg
File: graphics.cfg 2009/08/28 v1.8 graphics configuration of TeX Live
)
Package graphics Info: Driver file: pdftex.def on input line 91.
)
\Gin@req@height=\dimen103
\Gin@req@width=\dimen104
)
(/usr/share/texmf/tex/latex/pgf/systemlayer/pgfsys.sty
(/usr/share/texmf/tex/generic/pgf/systemlayer/pgfsys.code.tex
Package: pgfsys 2010/06/30 v2.10 (rcs-revision 1.37)

(/usr/share/texmf/tex/generic/pgf/utilities/pgfkeys.code.tex
\pgfkeys@pathtoks=\toks16
\pgfkeys@temptoks=\toks17

(/usr/share/texmf/tex/generic/pgf/utilities/pgfkeysfiltered.code.tex
\pgfkeys@tmptoks=\toks18
))
\pgf@x=\dimen105
\pgf@y=\dimen106
\pgf@xa=\dimen107
\pgf@ya=\dimen108
\pgf@xb=\dimen109
\pgf@yb=\dimen110
\pgf@xc=\dimen111
\pgf@yc=\dimen112
\w@pgf@writea=\write3
\r@pgf@reada=\read1
\c@pgf@counta=\count88
\c@pgf@countb=\count89
\c@pgf@countc=\count90
\c@pgf@countd=\count91

(/usr/share/texmf/tex/generic/pgf/systemlayer/pgf.cfg
File: pgf.cfg 2008/05/14  (rcs-revision 1.7)
)
Package pgfsys Info: Driver file for pgf: pgfsys-pdftex.def on input line 900.

(/usr/share/texmf/tex/generic/pgf/systemlayer/pgfsys-pdftex.def
File: pgfsys-pdftex.def 2009/05/22  (rcs-revision 1.26)

(/usr/share/texmf/tex/generic/pgf/systemlayer/pgfsys-common-pdf.def
File: pgfsys-common-pdf.def 2008/05/19  (rcs-revision 1.10)
)))
(/usr/share/texmf/tex/generic/pgf/systemlayer/pgfsyssoftpath.code.tex
File: pgfsyssoftpath.code.tex 2008/07/18  (rcs-revision 1.7)
\pgfsyssoftpath@smallbuffer@items=\count92
\pgfsyssoftpath@bigbuffer@items=\count93
)
(/usr/share/texmf/tex/generic/pgf/systemlayer/pgfsysprotocol.code.tex
File: pgfsysprotocol.code.tex 2006/10/16  (rcs-revision 1.4)
))
(/usr/share/texmf/tex/generic/pgf/basiclayer/pgfcore.code.tex
Package: pgfcore 2010/04/11 v2.10 (rcs-revision 1.7)

(/usr/share/texmf/tex/generic/pgf/math/pgfmath.code.tex
(/usr/share/texmf/tex/generic/pgf/math/pgfmathcalc.code.tex
(/usr/share/texmf/tex/generic/pgf/math/pgfmathutil.code.tex)
(/usr/share/texmf/tex/generic/pgf/math/pgfmathparser.code.tex
\pgfmath@dimen=\dimen113
\pgfmath@count=\count94
\pgfmath@box=\box27
\pgfmath@toks=\toks19
\pgfmath@stack@operand=\toks20
\pgfmath@stack@operation=\toks21
)
(/usr/share/texmf/tex/generic/pgf/math/pgfmathfunctions.code.tex
(/usr/share/texmf/tex/generic/pgf/math/pgfmathfunctions.basic.code.tex)
(/usr/share/texmf/tex/generic/pgf/math/pgfmathfunctions.trigonometric.code.tex)
(/usr/share/texmf/tex/generic/pgf/math/pgfmathfunctions.random.code.tex)
(/usr/share/texmf/tex/generic/pgf/math/pgfmathfunctions.comparison.code.tex)
(/usr/share/texmf/tex/generic/pgf/math/pgfmathfunctions.base.code.tex)
(/usr/share/texmf/tex/generic/pgf/math/pgfmathfunctions.round.code.tex)
(/usr/share/texmf/tex/generic/pgf/math/pgfmathfunctions.misc.code.tex)))
(/usr/share/texmf/tex/generic/pgf/math/pgfmathfloat.code.tex
\c@pgfmathroundto@lastzeros=\count95
))
(/usr/share/texmf/tex/generic/pgf/basiclayer/pgfcorepoints.code.tex
File: pgfcorepoints.code.tex 2010/04/09  (rcs-revision 1.20)
\pgf@picminx=\dimen114
\pgf@picmaxx=\dimen115
\pgf@picminy=\dimen116
\pgf@picmaxy=\dimen117
\pgf@pathminx=\dimen118
\pgf@pathmaxx=\dimen119
\pgf@pathminy=\dimen120
\pgf@pathmaxy=\dimen121
\pgf@xx=\dimen122
\pgf@xy=\dimen123
\pgf@yx=\dimen124
\pgf@yy=\dimen125
\pgf@zx=\dimen126
\pgf@zy=\dimen127
)
(/usr/share/texmf/tex/generic/pgf/basiclayer/pgfcorepathconstruct.code.tex
File: pgfcorepathconstruct.code.tex 2010/08/03  (rcs-revision 1.24)
\pgf@path@lastx=\dimen128
\pgf@path@lasty=\dimen129
)
(/usr/share/texmf/tex/generic/pgf/basiclayer/pgfcorepathusage.code.tex
File: pgfcorepathusage.code.tex 2008/04/22  (rcs-revision 1.12)
\pgf@shorten@end@additional=\dimen130
\pgf@shorten@start@additional=\dimen131
)
(/usr/share/texmf/tex/generic/pgf/basiclayer/pgfcorescopes.code.tex
File: pgfcorescopes.code.tex 2010/09/08  (rcs-revision 1.34)
\pgfpic=\box28
\pgf@hbox=\box29
\pgf@layerbox@main=\box30
\pgf@picture@serial@count=\count96
)
(/usr/share/texmf/tex/generic/pgf/basiclayer/pgfcoregraphicstate.code.tex
File: pgfcoregraphicstate.code.tex 2008/04/22  (rcs-revision 1.9)
\pgflinewidth=\dimen132
)
(/usr/share/texmf/tex/generic/pgf/basiclayer/pgfcoretransformations.code.tex
File: pgfcoretransformations.code.tex 2009/06/10  (rcs-revision 1.11)
\pgf@pt@x=\dimen133
\pgf@pt@y=\dimen134
\pgf@pt@temp=\dimen135
)
(/usr/share/texmf/tex/generic/pgf/basiclayer/pgfcorequick.code.tex
File: pgfcorequick.code.tex 2008/10/09  (rcs-revision 1.3)
)
(/usr/share/texmf/tex/generic/pgf/basiclayer/pgfcoreobjects.code.tex
File: pgfcoreobjects.code.tex 2006/10/11  (rcs-revision 1.2)
)
(/usr/share/texmf/tex/generic/pgf/basiclayer/pgfcorepathprocessing.code.tex
File: pgfcorepathprocessing.code.tex 2008/10/09  (rcs-revision 1.8)
)
(/usr/share/texmf/tex/generic/pgf/basiclayer/pgfcorearrows.code.tex
File: pgfcorearrows.code.tex 2008/04/23  (rcs-revision 1.11)
)
(/usr/share/texmf/tex/generic/pgf/basiclayer/pgfcoreshade.code.tex
File: pgfcoreshade.code.tex 2008/11/23  (rcs-revision 1.13)
\pgf@max=\dimen136
\pgf@sys@shading@range@num=\count97
)
(/usr/share/texmf/tex/generic/pgf/basiclayer/pgfcoreimage.code.tex
File: pgfcoreimage.code.tex 2010/03/25  (rcs-revision 1.16)

(/usr/share/texmf/tex/generic/pgf/basiclayer/pgfcoreexternal.code.tex
File: pgfcoreexternal.code.tex 2010/09/01  (rcs-revision 1.17)
\pgfexternal@startupbox=\box31
))
(/usr/share/texmf/tex/generic/pgf/basiclayer/pgfcorelayers.code.tex
File: pgfcorelayers.code.tex 2010/08/27  (rcs-revision 1.2)
)
(/usr/share/texmf/tex/generic/pgf/basiclayer/pgfcoretransparency.code.tex
File: pgfcoretransparency.code.tex 2008/01/17  (rcs-revision 1.2)
)
(/usr/share/texmf/tex/generic/pgf/basiclayer/pgfcorepatterns.code.tex
File: pgfcorepatterns.code.tex 2009/07/02  (rcs-revision 1.3)
)))
(/usr/share/texmf/tex/generic/pgf/modules/pgfmoduleshapes.code.tex
File: pgfmoduleshapes.code.tex 2010/09/09  (rcs-revision 1.13)
\pgfnodeparttextbox=\box32
)
(/usr/share/texmf/tex/generic/pgf/modules/pgfmoduleplot.code.tex
File: pgfmoduleplot.code.tex 2010/10/22  (rcs-revision 1.8)
)
(/usr/share/texmf/tex/latex/pgf/compatibility/pgfcomp-version-0-65.sty
Package: pgfcomp-version-0-65 2007/07/03 v2.10 (rcs-revision 1.7)
\pgf@nodesepstart=\dimen137
\pgf@nodesepend=\dimen138
)
(/usr/share/texmf/tex/latex/pgf/compatibility/pgfcomp-version-1-18.sty
Package: pgfcomp-version-1-18 2007/07/23 v2.10 (rcs-revision 1.1)
))
(/usr/share/texmf/tex/latex/pgf/utilities/pgffor.sty
(/usr/share/texmf/tex/latex/pgf/utilities/pgfkeys.sty
(/usr/share/texmf/tex/generic/pgf/utilities/pgfkeys.code.tex))
(/usr/share/texmf/tex/generic/pgf/utilities/pgffor.code.tex
Package: pgffor 2010/03/23 v2.10 (rcs-revision 1.18)
\pgffor@iter=\dimen139
\pgffor@skip=\dimen140
\pgffor@stack=\toks22
\pgffor@toks=\toks23
))
(/usr/share/texmf/tex/generic/pgf/frontendlayer/tikz/tikz.code.tex
Package: tikz 2010/10/13 v2.10 (rcs-revision 1.76)

(/usr/share/texmf/tex/generic/pgf/libraries/pgflibraryplothandlers.code.tex
File: pgflibraryplothandlers.code.tex 2010/05/31 v2.10 (rcs-revision 1.15)
\pgf@plot@mark@count=\count98
\pgfplotmarksize=\dimen141
)
\tikz@lastx=\dimen142
\tikz@lasty=\dimen143
\tikz@lastxsaved=\dimen144
\tikz@lastysaved=\dimen145
\tikzleveldistance=\dimen146
\tikzsiblingdistance=\dimen147
\tikz@figbox=\box33
\tikz@tempbox=\box34
\tikztreelevel=\count99
\tikznumberofchildren=\count100
\tikznumberofcurrentchild=\count101
\tikz@fig@count=\count102

(/usr/share/texmf/tex/generic/pgf/modules/pgfmodulematrix.code.tex
File: pgfmodulematrix.code.tex 2010/08/24  (rcs-revision 1.4)
\pgfmatrixcurrentrow=\count103
\pgfmatrixcurrentcolumn=\count104
\pgf@matrix@numberofcolumns=\count105
)
\tikz@expandcount=\count106

(/usr/share/texmf/tex/generic/pgf/frontendlayer/tikz/libraries/tikzlibrarytopat
hs.code.tex
File: tikzlibrarytopaths.code.tex 2008/06/17 v2.10 (rcs-revision 1.2)
))) (/usr/share/texmf-texlive/tex/latex/ltxmisc/parskip.sty
Package: parskip 2001/04/09 non-zero parskip adjustments
)
\c@colorCounter=\count107

(/usr/share/texmf-texlive/tex/latex/textpos/textpos.sty
Package: textpos 2009/05/28 v1.7f

Package: `textpos' 1.7f <2009 May 28>
\TP@textbox=\box35
\TP@holdbox=\box36
\TPHorizModule=\dimen148
\TPVertModule=\dimen149
\TP@margin=\dimen150
\TP@absmargin=\dimen151
Grid set 16 x 16 = 38.39343pt x 49.68562pt
\TPboxrulesize=\dimen152
\TP@ox=\dimen153
\TP@oy=\dimen154
\TP@tbargs=\toks24
\TP@prevdepth=\dimen155
TextBlockOrigin set to 0pt x 0pt
)

! LaTeX Error: File `biblatex.sty' not found.

Type X to quit or <RETURN> to proceed,
or enter new name. (Default extension: sty)

Enter file name: 

! LaTeX Error: Unknown option `style=verbose' for package `biblatex'.

See the LaTeX manual or LaTeX Companion for explanation.
Type  H <return>  for immediate help.
 ...                                              
                                                  
l.178 
      
? 

! LaTeX Error: Unknown option `maxnames=99' for package `biblatex'.

See the LaTeX manual or LaTeX Companion for explanation.
Type  H <return>  for immediate help.
 ...                                              
                                                  
l.178 
      
? 

! LaTeX Error: Unknown option `sorting=ydnt' for package `biblatex'.

See the LaTeX manual or LaTeX Companion for explanation.
Type  H <return>  for immediate help.
 ...                                              
                                                  
l.178 
      
? 
! Undefined control sequence.
l.179 \DeclareFieldFormat
                         [article]{title}{#1\par}
? 

! LaTeX Error: Missing \begin{document}.

See the LaTeX manual or LaTeX Companion for explanation.
Type  H <return>  for immediate help.
 ...                                              
                                                  
l.179 \DeclareFieldFormat[
                          article]{title}{#1\par}
? 
! You can't use `macro parameter character #' in horizontal mode.
l.179 \DeclareFieldFormat[article]{title}{#
                                           1\par}
? 
! Undefined control sequence.
l.180 \DeclareFieldFormat
                         [book]{title}{#1\par}
? 

! LaTeX Error: Missing \begin{document}.

See the LaTeX manual or LaTeX Companion for explanation.
Type  H <return>  for immediate help.
 ...                                              
                                                  
l.180 \DeclareFieldFormat[
                          book]{title}{#1\par}
? 
! You can't use `macro parameter character #' in horizontal mode.
l.180 \DeclareFieldFormat[book]{title}{#
                                        1\par}
? 
! Undefined control sequence.
l.181 \DeclareFieldFormat
                         [inproceedings]{title}{#1\par}
? 

! LaTeX Error: Missing \begin{document}.

See the LaTeX manual or LaTeX Companion for explanation.
Type  H <return>  for immediate help.
 ...                                              
                                                  
l.181 \DeclareFieldFormat[
                          inproceedings]{title}{#1\par}
? 
! You can't use `macro parameter character #' in horizontal mode.
l.181 \DeclareFieldFormat[inproceedings]{title}{#
                                                 1\par}
? 
! Undefined control sequence.
l.182 \DeclareFieldFormat
                         [misc]{title}{#1\par}
? 

! LaTeX Error: Missing \begin{document}.

See the LaTeX manual or LaTeX Companion for explanation.
Type  H <return>  for immediate help.
 ...                                              
                                                  
l.182 \DeclareFieldFormat[
                          misc]{title}{#1\par}
? 
! You can't use `macro parameter character #' in horizontal mode.
l.182 \DeclareFieldFormat[misc]{title}{#
                                        1\par}
? 
! Undefined control sequence.
l.183 \DeclareFieldFormat
                         [report]{title}{#1\par}
? 

! LaTeX Error: Missing \begin{document}.

See the LaTeX manual or LaTeX Companion for explanation.
Type  H <return>  for immediate help.
 ...                                              
                                                  
l.183 \DeclareFieldFormat[
                          report]{title}{#1\par}
? 
! You can't use `macro parameter character #' in horizontal mode.
l.183 \DeclareFieldFormat[report]{title}{#
                                          1\par}
? 
! Undefined control sequence.
l.185 \DeclareBibliographyDriver
                                {article}{%
? 

! LaTeX Error: Missing \begin{document}.

See the LaTeX manual or LaTeX Companion for explanation.
Type  H <return>  for immediate help.
 ...                                              
                                                  
l.185 \DeclareBibliographyDriver{a
                                  rticle}{%
? 
! Undefined control sequence.
l.186   \printfield
                   {title}%
? 
! Undefined control sequence.
l.188   \printnames
                   {author}%
? 

! LaTeX Error: Missing \begin{document}.

See the LaTeX manual or LaTeX Companion for explanation.
Type  H <return>  for immediate help.
 ...                                              
                                                  
l.190   \newblock
                 %
? 
! Undefined control sequence.
l.192     \footnotesize\addfontfeature
                                      {Color=lightgray}\itshape%
? 
! Undefined control sequence.
l.193     \usebibmacro
                      {journal+issuetitle}%
? 
! Undefined control sequence.
l.194     \setunit
                  {\space}%
? 
! Undefined control sequence.
l.195     \printfield
                     {pages}%
? 
! Undefined control sequence.
l.196     \newunit
                  %
? 
! Undefined control sequence.
l.197     \printlist
                    {publisher}%
? 
! Undefined control sequence.
l.198     \setunit
                  *{\addcomma\space}%
? 
! Undefined control sequence.
l.198     \setunit*{\addcomma
                             \space}%
? 
! Undefined control sequence.
l.199     \printfield
                     {year}%
? 
! Undefined control sequence.
l.200     \newunit
                  %
? 
! Undefined control sequence.
l.205 \DeclareBibliographyDriver
                                {book}{%
? 

! LaTeX Error: Missing \begin{document}.

See the LaTeX manual or LaTeX Companion for explanation.
Type  H <return>  for immediate help.
 ...                                              
                                                  
l.205 \DeclareBibliographyDriver{b
                                  ook}{%
? 
! Undefined control sequence.
l.206   \printfield
                   {title}%
? 
! Undefined control sequence.
l.208   \printnames
                   {author}%
? 

! LaTeX Error: Missing \begin{document}.

See the LaTeX manual or LaTeX Companion for explanation.
Type  H <return>  for immediate help.
 ...                                              
                                                  
l.210   \newblock
                 %
? 
! Undefined control sequence.
l.212     \footnotesize\addfontfeature
                                      {Color=lightgray}\itshape%
? 
! Undefined control sequence.
l.213     \printlist
                    {publisher}%
? 
! Undefined control sequence.
l.214     \setunit
                  *{\addcomma\space}%
? 
! Undefined control sequence.
l.214     \setunit*{\addcomma
                             \space}%
? 
! Undefined control sequence.
l.215     \printfield
                     {note}%
? 
! Undefined control sequence.
l.216     \setunit
                  *{\addcomma\space}%
? 
! Undefined control sequence.
l.216     \setunit*{\addcomma
                             \space}%
? 
! Undefined control sequence.
l.217     \printfield
                     {year}%
? 
! Undefined control sequence.
l.218     \setunit
                  {\addcomma\space}%
? 
! Undefined control sequence.
l.218     \setunit{\addcomma
                            \space}%
? 
! Undefined control sequence.
l.219     \printlist
                    {location}%
? 
! Undefined control sequence.
l.220     \newunit
                  %
? 
! Undefined control sequence.
l.226 \DeclareBibliographyDriver
                                {inproceedings}{%
? 

! LaTeX Error: Missing \begin{document}.

See the LaTeX manual or LaTeX Companion for explanation.
Type  H <return>  for immediate help.
 ...                                              
                                                  
l.226 \DeclareBibliographyDriver{i
                                  nproceedings}{%
? 
! Undefined control sequence.
l.227   \printfield
                   {title}%
? 
! Undefined control sequence.
l.229   \printnames
                   {author}%
? 

! LaTeX Error: Missing \begin{document}.

See the LaTeX manual or LaTeX Companion for explanation.
Type  H <return>  for immediate help.
 ...                                              
                                                  
l.231   \newblock
                 %
? 
! Undefined control sequence.
l.233     \footnotesize\addfontfeature
                                      {Color=lightgray}%
? 
! Undefined control sequence.
l.234     \printfield
                     {booktitle}%
? 
! Undefined control sequence.
l.235     \setunit
                  {\addcomma\space}%
? 
! Undefined control sequence.
l.235     \setunit{\addcomma
                            \space}%
? 
! Undefined control sequence.
l.236     \printfield
                     {year}%
? 
! Undefined control sequence.
l.237     \setunit
                  {\addcomma\space}%
? 
! Undefined control sequence.
l.237     \setunit{\addcomma
                            \space}%
? 
! Undefined control sequence.
l.238     \printlist
                    {location}%
? 
! Undefined control sequence.
l.239     \newunit
                  %
? 
! Undefined control sequence.
l.244 \DeclareBibliographyDriver
                                {misc}{%
? 

! LaTeX Error: Missing \begin{document}.

See the LaTeX manual or LaTeX Companion for explanation.
Type  H <return>  for immediate help.
 ...                                              
                                                  
l.244 \DeclareBibliographyDriver{m
                                  isc}{%
? 
! Undefined control sequence.
l.245   \printfield
                   {title}%
? 
! Undefined control sequence.
l.247   \printnames
                   {author}%
? 

! LaTeX Error: Missing \begin{document}.

See the LaTeX manual or LaTeX Companion for explanation.
Type  H <return>  for immediate help.
 ...                                              
                                                  
l.249   \newblock
                 %
? 
! Undefined control sequence.
l.251     \footnotesize\addfontfeature
                                      {Color=lightgray}\itshape%
? 
! Undefined control sequence.
l.252     \printfield
                     {booktitle}%
? 
! Undefined control sequence.
l.253     \setunit
                  *{\addcomma\space}%
? 
! Undefined control sequence.
l.253     \setunit*{\addcomma
                             \space}%
? 
! Undefined control sequence.
l.254     \printfield
                     {note}%
? 
! Undefined control sequence.
l.255     \setunit
                  *{\addcomma\space}%
? 
! Undefined control sequence.
l.255     \setunit*{\addcomma
                             \space}%
? 
! Undefined control sequence.
l.256     \printfield
                     {year}%
? 
! Undefined control sequence.
l.257     \setunit
                  {\addcomma\space}%
? 
! Undefined control sequence.
l.257     \setunit{\addcomma
                            \space}%
? 
! Undefined control sequence.
l.258     \printlist
                    {location}%
? 
! Undefined control sequence.
l.259     \newunit
                  %
? 
! Undefined control sequence.
l.264 \DeclareBibliographyDriver
                                {report}{%
? 

! LaTeX Error: Missing \begin{document}.

See the LaTeX manual or LaTeX Companion for explanation.
Type  H <return>  for immediate help.
 ...                                              
                                                  
l.264 \DeclareBibliographyDriver{r
                                  eport}{%
? 
! Undefined control sequence.
l.265   \printfield
                   {title}%
? 
! Undefined control sequence.
l.267   \printnames
                   {author}%
? 

! LaTeX Error: Missing \begin{document}.

See the LaTeX manual or LaTeX Companion for explanation.
Type  H <return>  for immediate help.
 ...                                              
                                                  
l.269   \newblock
                 %
? 
! Undefined control sequence.
l.271     \footnotesize\addfontfeature
                                      {Color=lightgray}\itshape%
? 
! Undefined control sequence.
l.272     \printfield
                     {type}%
? 
! Undefined control sequence.
l.273     \setunit
                  {\space}%
? 
! Undefined control sequence.
l.274     \printfield
                     {number}%
? 
! Undefined control sequence.
l.275     \setunit
                  {\addcomma\space}%
? 
! Undefined control sequence.
l.275     \setunit{\addcomma
                            \space}%
? 
! Undefined control sequence.
l.276     \printfield
                     {year}%
? 
! Undefined control sequence.
l.277     \newunit
                  %
? 
! Undefined control sequence.
l.282 \DeclareNameFormat
                        {author}{%
? 

! LaTeX Error: Missing \begin{document}.

See the LaTeX manual or LaTeX Companion for explanation.
Type  H <return>  for immediate help.
 ...                                              
                                                  
l.282 \DeclareNameFormat{a
                          uthor}{%
? 
! Undefined control sequence.
l.283   \small\addfontfeature
                             {Color=lightgray}%
? 
! Undefined control sequence.
l.284   \ifblank
                {#3}{}{#3\space}#1%
? 
! You can't use `macro parameter character #' in horizontal mode.
l.284   \ifblank{#
                  3}{}{#3\space}#1%
? 
! You can't use `macro parameter character #' in horizontal mode.
l.284   \ifblank{#3}{}{#
                        3\space}#1%
? 
! You can't use `macro parameter character #' in horizontal mode.
l.284   \ifblank{#3}{}{#3\space}#
                                 1%
? 
! Undefined control sequence.
l.285   \ifthenelse
                   {\value{listcount}<\value{liststop}}
? 
! Undefined control sequence.
l.286     {\addcomma
                    \space}
? 
! Undefined control sequence.
l.297 \DeclareSortingScheme
                           {chronological}{
? 

! LaTeX Error: Missing \begin{document}.

See the LaTeX manual or LaTeX Companion for explanation.
Type  H <return>  for immediate help.
 ...                                              
                                                  
l.297 \DeclareSortingScheme{c
                             hronological}{
? 
! Undefined control sequence.
l.298   \sort
             [direction=descending]{\field{year}}
? 
! Undefined control sequence.
l.298   \sort[direction=descending]{\field
                                          {year}}
? 
! Undefined control sequence.
l.299   \sort
             [direction=descending]{\field{month}}
? 
! Undefined control sequence.
l.299   \sort[direction=descending]{\field
                                          {month}}
? 
(/usr/share/texmf-texlive/tex/latex/geometry/geometry.sty
Package: geometry 2008/12/21 v4.2 Page Geometry

(/usr/share/texmf-texlive/tex/generic/oberdiek/ifpdf.sty
Package: ifpdf 2009/04/10 v2.0 Provides the ifpdf switch (HO)
Package ifpdf Info: pdfTeX in pdf mode detected.
)
(/usr/share/texmf-texlive/tex/generic/oberdiek/ifvtex.sty
Package: ifvtex 2008/11/04 v1.4 Switches for detecting VTeX and its modes (HO)
Package ifvtex Info: VTeX not detected.
)
\Gm@cnth=\count108
\Gm@cntv=\count109
\c@Gm@tempcnt=\count110
\Gm@bindingoffset=\dimen156
\Gm@wd@mp=\dimen157
\Gm@odd@mp=\dimen158
\Gm@even@mp=\dimen159
\Gm@dimlist=\toks25
))
(/usr/share/texmf-texlive/tex/latex/hyperref/hyperref.sty
Package: hyperref 2009/10/09 v6.79a Hypertext links for LaTeX

(/usr/share/texmf-texlive/tex/generic/ifxetex/ifxetex.sty
Package: ifxetex 2009/01/23 v0.5 Provides ifxetex conditional
)
(/usr/share/texmf-texlive/tex/latex/oberdiek/hycolor.sty
Package: hycolor 2009/10/02 v1.5 Code for color options of hyperref/bookmark (H
O)

(/usr/share/texmf-texlive/tex/latex/oberdiek/xcolor-patch.sty
Package: xcolor-patch 2009/10/02 xcolor patch
))
\@linkdim=\dimen160
\Hy@linkcounter=\count111
\Hy@pagecounter=\count112

(/usr/share/texmf-texlive/tex/latex/hyperref/pd1enc.def
File: pd1enc.def 2009/10/09 v6.79a Hyperref: PDFDocEncoding definition (HO)
)
(/usr/share/texmf-texlive/tex/generic/oberdiek/etexcmds.sty
Package: etexcmds 2007/12/12 v1.2 Prefix for e-TeX command names (HO)

(/usr/share/texmf-texlive/tex/generic/oberdiek/infwarerr.sty
Package: infwarerr 2007/09/09 v1.2 Providing info/warning/message (HO)
)
Package etexcmds Info: Could not find \expanded.
(etexcmds)             That can mean that you are not using pdfTeX 1.50 or
(etexcmds)             that some package has redefined \expanded.
(etexcmds)             In the latter case, load this package earlier.
)
(/usr/share/texmf-texlive/tex/latex/latexconfig/hyperref.cfg
File: hyperref.cfg 2002/06/06 v1.2 hyperref configuration of TeXLive
)
(/usr/share/texmf-texlive/tex/latex/oberdiek/kvoptions.sty
Package: kvoptions 2009/08/13 v3.4 Keyval support for LaTeX options (HO)

(/usr/share/texmf-texlive/tex/generic/oberdiek/kvsetkeys.sty
Package: kvsetkeys 2009/07/30 v1.5 Key value parser with default handler suppor
t (HO)
))
Package hyperref Info: Hyper figures OFF on input line 2975.
Package hyperref Info: Link nesting OFF on input line 2980.
Package hyperref Info: Hyper index ON on input line 2983.
Package hyperref Info: Plain pages OFF on input line 2990.
Package hyperref Info: Backreferencing OFF on input line 2995.

Implicit mode ON; LaTeX internals redefined
Package hyperref Info: Bookmarks ON on input line 3191.
(/usr/share/texmf-texlive/tex/latex/ltxmisc/url.sty
\Urlmuskip=\muskip10
Package: url 2006/04/12  ver 3.3  Verb mode for urls, etc.
)
LaTeX Info: Redefining \url on input line 3428.

(/usr/share/texmf-texlive/tex/generic/oberdiek/bitset.sty
Package: bitset 2007/09/28 v1.0 Data type bit set (HO)

(/usr/share/texmf-texlive/tex/generic/oberdiek/intcalc.sty
Package: intcalc 2007/09/27 v1.1 Expandable integer calculations (HO)
)
(/usr/share/texmf-texlive/tex/generic/oberdiek/bigintcalc.sty
Package: bigintcalc 2007/11/11 v1.1 Expandable big integer calculations (HO)

(/usr/share/texmf-texlive/tex/generic/oberdiek/pdftexcmds.sty
Package: pdftexcmds 2009/09/23 v0.6 LuaTeX support for pdfTeX utility functions
 (HO)

(/usr/share/texmf-texlive/tex/generic/oberdiek/ifluatex.sty
Package: ifluatex 2009/04/17 v1.2 Provides the ifluatex switch (HO)
Package ifluatex Info: LuaTeX not detected.
)
(/usr/share/texmf-texlive/tex/generic/oberdiek/ltxcmds.sty
Package: ltxcmds 2009/08/05 v1.0 Some LaTeX kernel commands for general use (HO
)
)
Package pdftexcmds Info: LuaTeX not detected.
Package pdftexcmds Info: \pdf@primitive is available.
Package pdftexcmds Info: \pdf@ifprimitive is available.
)))
\Fld@menulength=\count113
\Field@Width=\dimen161
\Fld@charsize=\dimen162
\Field@toks=\toks26
Package hyperref Info: Hyper figures OFF on input line 4377.
Package hyperref Info: Link nesting OFF on input line 4382.
Package hyperref Info: Hyper index ON on input line 4385.
Package hyperref Info: backreferencing OFF on input line 4392.
Package hyperref Info: Link coloring OFF on input line 4397.
Package hyperref Info: Link coloring with OCG OFF on input line 4402.
Package hyperref Info: PDF/A mode OFF on input line 4407.

(/usr/share/texmf-texlive/tex/generic/oberdiek/atbegshi.sty
Package: atbegshi 2008/07/31 v1.9 At begin shipout hook (HO)
)
\Hy@abspage=\count114
\c@Item=\count115
\c@Hfootnote=\count116
)
*hyperref using default driver hpdftex*
(/usr/share/texmf-texlive/tex/latex/hyperref/hpdftex.def
File: hpdftex.def 2009/10/09 v6.79a Hyperref driver for pdfTeX
\Fld@listcount=\count117
)
! Undefined control sequence.
l.24 \addbibresource
                    {bibliography.bib} % Specify the bibliography file to in...

? 

! LaTeX Error: Missing \begin{document}.

See the LaTeX manual or LaTeX Companion for explanation.
Type  H <return>  for immediate help.
 ...                                              
                                                  
l.24 \addbibresource{b
                      ibliography.bib} % Specify the bibliography file to in...

? 
No file cv_10.aux.
\openout1 = `cv_10.aux'.

LaTeX Font Info:    Checking defaults for OML/cmm/m/it on input line 26.
LaTeX Font Info:    ... okay on input line 26.
LaTeX Font Info:    Checking defaults for T1/cmr/m/n on input line 26.
LaTeX Font Info:    ... okay on input line 26.
LaTeX Font Info:    Checking defaults for OT1/cmr/m/n on input line 26.
LaTeX Font Info:    ... okay on input line 26.
LaTeX Font Info:    Checking defaults for OMS/cmsy/m/n on input line 26.
LaTeX Font Info:    ... okay on input line 26.
LaTeX Font Info:    Checking defaults for OMX/cmex/m/n on input line 26.
LaTeX Font Info:    ... okay on input line 26.
LaTeX Font Info:    Checking defaults for U/cmr/m/n on input line 26.
LaTeX Font Info:    ... okay on input line 26.
LaTeX Font Info:    Checking defaults for PD1/pdf/m/n on input line 26.
LaTeX Font Info:    ... okay on input line 26.
(/usr/share/texmf-texlive/tex/context/base/supp-pdf.mkii
[Loading MPS to PDF converter (version 2006.09.02).]
\scratchcounter=\count118
\scratchdimen=\dimen163
\scratchbox=\box37
\nofMPsegments=\count119
\nofMParguments=\count120
\everyMPshowfont=\toks27
\MPscratchCnt=\count121
\MPscratchDim=\dimen164
\MPnumerator=\count122
\everyMPtoPDFconversion=\toks28
) ABD: EveryShipout initializing macros
*geometry auto-detecting driver*
*geometry detected driver: pdftex*
-------------------- Geometry parameters
paper: class default
landscape: --
twocolumn: --
twoside: --
asymmetric: --
h-parts: 173.56198pt, 398.0539pt, 42.67912pt
v-parts: 56.9055pt, 666.9326pt, 71.13188pt
hmarginratio: --
vmarginratio: --
lines: --
heightrounded: --
bindingoffset: 0.0pt
truedimen: --
includehead: --
includefoot: --
includemp: --
driver: pdftex
-------------------- Page layout dimensions and switches
\paperwidth  614.295pt
\paperheight 794.96999pt
\textwidth  398.0539pt
\textheight 666.9326pt
\oddsidemargin  101.29199pt
\evensidemargin 101.29199pt
\topmargin  -15.36449pt
\headheight 0.0pt
\headsep    0.0pt
\footskip   0.0pt
\marginparwidth 65.0pt
\marginparsep   11.0pt
\columnsep  10.0pt
\skip\footins  9.0pt plus 4.0pt minus 2.0pt
\hoffset 0.0pt
\voffset 0.0pt
\mag 1000

(1in=72.27pt, 1cm=28.45pt)
-----------------------
Package hyperref Info: Link coloring OFF on input line 26.
(/usr/share/texmf-texlive/tex/latex/hyperref/nameref.sty
Package: nameref 2007/05/29 v2.31 Cross-referencing by name of section

(/usr/share/texmf-texlive/tex/latex/oberdiek/refcount.sty
Package: refcount 2008/08/11 v3.1 Data extraction from references (HO)
)
\c@section@level=\count123
)
LaTeX Info: Redefining \ref on input line 26.
LaTeX Info: Redefining \pageref on input line 26.
\@outlinefile=\write4
\openout4 = `cv_10.out'.

\AtBeginShipoutBox=\box38

! Undefined control sequence.
\header ... {40pt}{72pt}\color {header}{\thinfont 
                                                  #1}{\bodyfont #2} }; \node...
l.28 \header{john}{smith}{junior business analyst}
                                                   % Your name and current j...

? 
! Undefined control sequence.
\header ...color {header}{\thinfont #1}{\bodyfont 
                                                  #2} }; \node [anchor=north...
l.28 \header{john}{smith}{junior business analyst}
                                                   % Your name and current j...

? 
! Undefined control sequence.
\header ...e {14pt}{24pt}\color {header}\thinfont 
                                                  #3}; \end {tikzpicture} \v...
l.28 \header{john}{smith}{junior business analyst}
                                                   % Your name and current j...

? 
! Undefined control sequence.
\section ... {\baselineskip }{\Large \headingfont 
                                                  \color {headercolor} #1} 
l.35 \section{contact}
                      
? 
! Undefined control sequence.
\section ... {\baselineskip }{\Large \headingfont 
                                                  \color {headercolor} #1} 
l.46 \section{languages}
                        
? 
! Undefined control sequence.
\section ... {\baselineskip }{\Large \headingfont 
                                                  \color {headercolor} #1} 
l.49 \section{programming}
                          
? 
LaTeX Font Info:    External font `cmex10' loaded for size
(Font)              <7> on input line 50.
LaTeX Font Info:    External font `cmex10' loaded for size
(Font)              <5> on input line 50.
! Undefined control sequence.
<recently read> \varheartsuit 
                              
l.50 {\color{red} $\varheartsuit
                                $} JavaScript
? 
! Undefined control sequence.
\section ...pace {\parskip } {\LARGE \headingfont 
                                                  \color {headercolor}\@sect...
l.59 \section{education}
                        
? 
! Undefined control sequence.
\bfseries ->\headingfont 
                         \color {headercolor}
l.67 ...world. I found that it has, in fact, not.}
                                                  
? 
! Undefined control sequence.
<argument> ...fill {\footnotesize \addfontfeature 
                                                  {Color=lightgray} The Univ...
l.67 ...world. I found that it has, in fact, not.}
                                                  
? 
! Undefined control sequence.
\bfseries ->\headingfont 
                         \color {headercolor}
l.73 {Specialization in Commerce}
                                 
? 
! Undefined control sequence.
<argument> ...fill {\footnotesize \addfontfeature 
                                                  {Color=lightgray} The Univ...
l.73 {Specialization in Commerce}
                                 
? 

Underfull \hbox (badness 10000) in paragraph at lines 61--76

 []

! Undefined control sequence.
\section ...pace {\parskip } {\LARGE \headingfont 
                                                  \color {headercolor}\@sect...
l.81 \section{experience}
                         
? 
! Undefined control sequence.
\bfseries ->\headingfont 
                         \color {headercolor}
l.105 \end{itemize}}
                    
? 
! Undefined control sequence.
<argument> ...fill {\footnotesize \addfontfeature 
                                                  {Color=lightgray} Los Ange...
l.105 \end{itemize}}
                    
? 
LaTeX Font Info:    Try loading font information for OMS+cmr on input line 105.

(/usr/share/texmf-texlive/tex/latex/base/omscmr.fd
File: omscmr.fd 1999/05/25 v2.5h Standard LaTeX font definitions
)
LaTeX Font Info:    Font shape `OMS/cmr/m/n' in size <10> not available
(Font)              Font shape `OMS/cmsy/m/n' tried instead on input line 105.

! Undefined control sequence.
\bfseries ->\headingfont 
                         \color {headercolor}
l.105 \end{itemize}}
                    
? 
! Undefined control sequence.
\bfseries ->\headingfont 
                         \color {headercolor}
l.105 \end{itemize}}
                    
? 
! Undefined control sequence.
\bfseries ->\headingfont 
                         \color {headercolor}
l.105 \end{itemize}}
                    
? 
! Undefined control sequence.
\bfseries ->\headingfont 
                         \color {headercolor}
l.112 ...ive" for Analytical Skills and Teamwork.}
                                                  
? 
! Undefined control sequence.
<argument> ...fill {\footnotesize \addfontfeature 
                                                  {Color=lightgray} London, ...
l.112 ...ive" for Analytical Skills and Teamwork.}
                                                  
? 
! Undefined control sequence.
\bfseries ->\headingfont 
                         \color {headercolor}
l.119 ...o turn their computers off and on again.}
                                                  
? 
! Undefined control sequence.
<argument> ...fill {\footnotesize \addfontfeature 
                                                  {Color=lightgray} Burbank,...
l.119 ...o turn their computers off and on again.}
                                                  
? 

Underfull \hbox (badness 10000) in paragraph at lines 83--122

 []

! Undefined control sequence.
\section ...pace {\parskip } {\LARGE \headingfont 
                                                  \color {headercolor}\@sect...
l.127 \section{awards}
                      
? 
! Undefined control sequence.
\bfseries ->\headingfont 
                         \color {headercolor}
l.135 ... their final year of a Bachelors degree.}
                                                  
? 
! Undefined control sequence.
<argument> ...fill {\footnotesize \addfontfeature 
                                                  {Color=lightgray} School o...
l.135 ... their final year of a Bachelors degree.}
                                                  
? 

Underfull \hbox (badness 10000) in paragraph at lines 129--138

 []

! Undefined control sequence.
\section ...pace {\parskip } {\LARGE \headingfont 
                                                  \color {headercolor}\@sect...
l.143 \section{communication skills}
                                    
? 
! Undefined control sequence.
\bfseries ->\headingfont 
                         \color {headercolor}
l.151 ...ucted for my Masters of Commerce degree.}
                                                  
? 
! Undefined control sequence.
<argument> ...fill {\footnotesize \addfontfeature 
                                                  {Color=lightgray} Californ...
l.151 ...ucted for my Masters of Commerce degree.}
                                                  
? 
! Undefined control sequence.
\bfseries ->\headingfont 
                         \color {headercolor}
l.157 ...sses and presented this at a conference.}
                                                  
? 
! Undefined control sequence.
<argument> ...fill {\footnotesize \addfontfeature 
                                                  {Color=lightgray} Annual B...
l.157 ...sses and presented this at a conference.}
                                                  
? 

Underfull \hbox (badness 10000) in paragraph at lines 145--160

 []


Overfull \vbox (325.627pt too high) has occurred while \output is active []


[1

{/var/lib/texmf/fonts/map/pdftex/updmap/pdftex.map}]
! Undefined control sequence.
\section ...pace {\parskip } {\LARGE \headingfont 
                                                  \color {headercolor}\@sect...
l.165 \section{interests}
                         
? 
! Undefined control sequence.
\bfseries ->\headingfont 
                         \color {headercolor}
l.167 \textbf{professional:}
                             data analysis, company profiling, risk analysis...

? 
! Undefined control sequence.
\bfseries ->\headingfont 
                         \color {headercolor}
l.167 ...ware design, marketing \textbf{personal:}
                                                   piano, chess, cooking, da...

? 
! Undefined control sequence.
\section ...pace {\parskip } {\LARGE \headingfont 
                                                  \color {headercolor}\@sect...
l.173 \section{publications}
                            
? 

! LaTeX Error: Environment refsection undefined.

See the LaTeX manual or LaTeX Companion for explanation.
Type  H <return>  for immediate help.
 ...                                              
                                                  
l.175 ...rticle}{article in peer-reviewed journal}
                                                   % Print all articles from...

? 
! Undefined control sequence.
\printbibsection ...nocite {*} \printbibliography 
                                                  [sorting=chronological, ty...
l.175 ...rticle}{article in peer-reviewed journal}
                                                   % Print all articles from...

? 

! LaTeX Error: \begin{document} ended by \end{refsection}.

See the LaTeX manual or LaTeX Companion for explanation.
Type  H <return>  for immediate help.
 ...                                              
                                                  
l.175 ...rticle}{article in peer-reviewed journal}
                                                   % Print all articles from...

? 

Overfull \hbox (41.83595pt too wide) in paragraph at lines 175--176
[]\OT1/cmr/m/n/10 [sorting=chronological, type=article, ti-tle=article in peer-
reviewed jour-nal, head-ing=subbibliography]
 []


Underfull \hbox (badness 10000) in paragraph at lines 175--176

 []


! LaTeX Error: Environment refsection undefined.

See the LaTeX manual or LaTeX Companion for explanation.
Type  H <return>  for immediate help.
 ...                                              
                                                  
l.177 \printbibsection{book}{books}
                                    % Print all books from the bibliography
? 
! Undefined control sequence.
\printbibsection ...nocite {*} \printbibliography 
                                                  [sorting=chronological, ty...
l.177 \printbibsection{book}{books}
                                    % Print all books from the bibliography
? 

! LaTeX Error: \begin{document} ended by \end{refsection}.

See the LaTeX manual or LaTeX Companion for explanation.
Type  H <return>  for immediate help.
 ...                                              
                                                  
l.177 \printbibsection{book}{books}
                                    % Print all books from the bibliography
? 

! LaTeX Error: Environment refsection undefined.

See the LaTeX manual or LaTeX Companion for explanation.
Type  H <return>  for immediate help.
 ...                                              
                                                  
l.179 \begin{refsection}
                         % This is a custom heading for those references mar...

? 
! Undefined control sequence.
l.181 \printbibliography
                        [sorting=chronological, type=inproceedings, title={i...

? 

! LaTeX Error: \begin{document} ended by \end{refsection}.

See the LaTeX manual or LaTeX Companion for explanation.
Type  H <return>  for immediate help.
 ...                                              
                                                  
l.182 \end{refsection}
                      
? 

Overfull \hbox (49.78032pt too wide) in paragraph at lines 181--183
[]\OT1/cmr/m/n/10 [sorting=chronological, type=inproceedings, ti-tle=internatio
nal peer-reviewed con-fer-ences/proceedings,
 []


! LaTeX Error: Environment refsection undefined.

See the LaTeX manual or LaTeX Companion for explanation.
Type  H <return>  for immediate help.
 ...                                              
                                                  
l.184 \begin{refsection}
                         % This is a custom heading for those references mar...

? 
! Undefined control sequence.
l.186 \printbibliography
                        [sorting=chronological, type=inproceedings, title={l...

? 

! LaTeX Error: \begin{document} ended by \end{refsection}.

See the LaTeX manual or LaTeX Companion for explanation.
Type  H <return>  for immediate help.
 ...                                              
                                                  
l.187 \end{refsection}
                      
? 

Overfull \hbox (14.1969pt too wide) in paragraph at lines 186--188
[]\OT1/cmr/m/n/10 [sorting=chronological, type=inproceedings, ti-tle=local peer
-reviewed con-fer-ences/proceedings,
 []


! LaTeX Error: Environment refsection undefined.

See the LaTeX manual or LaTeX Companion for explanation.
Type  H <return>  for immediate help.
 ...                                              
                                                  
l.189 \printbibsection{misc}{other publications}
                                                 % Print all miscellaneous e...

? 
! Undefined control sequence.
\printbibsection ...nocite {*} \printbibliography 
                                                  [sorting=chronological, ty...
l.189 \printbibsection{misc}{other publications}
                                                 % Print all miscellaneous e...

? 

! LaTeX Error: \begin{document} ended by \end{refsection}.

See the LaTeX manual or LaTeX Companion for explanation.
Type  H <return>  for immediate help.
 ...                                              
                                                  
l.189 \printbibsection{misc}{other publications}
                                                 % Print all miscellaneous e...

? 

! LaTeX Error: Environment refsection undefined.

See the LaTeX manual or LaTeX Companion for explanation.
Type  H <return>  for immediate help.
 ...                                              
                                                  
l.191 \printbibsection{report}{research reports}
                                                 % Print all research report...

? 
! Undefined control sequence.
\printbibsection ...nocite {*} \printbibliography 
                                                  [sorting=chronological, ty...
l.191 \printbibsection{report}{research reports}
                                                 % Print all research report...

? 

! LaTeX Error: \begin{document} ended by \end{refsection}.

See the LaTeX manual or LaTeX Companion for explanation.
Type  H <return>  for immediate help.
 ...                                              
                                                  
l.191 \printbibsection{report}{research reports}
                                                 % Print all research report...

? 
[2] (./cv_10.aux) ) 
Here is how much of TeX's memory you used:
 12857 strings out of 495061
 231633 string characters out of 1182622
 295415 words of memory out of 3000000
 15798 multiletter control sequences out of 15000+50000
 6183 words of font info for 22 fonts, out of 3000000 for 9000
 28 hyphenation exceptions out of 8191
 63i,12n,57p,396b,497s stack positions out of 5000i,500n,10000p,200000b,50000s
</usr/share/texmf-texlive/fonts/type1/public/amsfonts/cm/cmc
sc10.pfb></usr/share/texmf-texlive/fonts/type1/public/amsfonts/cm/cmr10.pfb></u
sr/share/texmf-texlive/fonts/type1/public/amsfonts/cm/cmr12.pfb></usr/share/tex
mf-texlive/fonts/type1/public/amsfonts/cm/cmr17.pfb></usr/share/texmf-texlive/f
onts/type1/public/amsfonts/cm/cmr8.pfb></usr/share/texmf-texlive/fonts/type1/pu
blic/amsfonts/cm/cmr9.pfb></usr/share/texmf-texlive/fonts/type1/public/amsfonts
/cm/cmsy10.pfb></usr/share/texmf-texlive/fonts/type1/public/amsfonts/cm/cmti10.
pfb></usr/share/texmf-texlive/fonts/type1/public/amsfonts/cm/cmti7.pfb></usr/sh
are/texmf-texlive/fonts/type1/public/amsfonts/cm/cmti8.pfb>
Output written on cv_10.pdf (2 pages, 128807 bytes).
PDF statistics:
 61 PDF objects out of 1000 (max. 8388607)
 3 named destinations out of 1000 (max. 500000)
 13 words of extra memory for PDF output out of 10000 (max. 10000000)

